running egg_info
creating ../../build/meihua_description/meihua_description.egg-info
writing ../../build/meihua_description/meihua_description.egg-info/PKG-INFO
writing dependency_links to ../../build/meihua_description/meihua_description.egg-info/dependency_links.txt
writing entry points to ../../build/meihua_description/meihua_description.egg-info/entry_points.txt
writing requirements to ../../build/meihua_description/meihua_description.egg-info/requires.txt
writing top-level names to ../../build/meihua_description/meihua_description.egg-info/top_level.txt
writing manifest file '../../build/meihua_description/meihua_description.egg-info/SOURCES.txt'
reading manifest file '../../build/meihua_description/meihua_description.egg-info/SOURCES.txt'
writing manifest file '../../build/meihua_description/meihua_description.egg-info/SOURCES.txt'
running build
running build_py
creating /home/nomaan78/meihua_ws/build/meihua_description/build
creating /home/nomaan78/meihua_ws/build/meihua_description/build/lib
creating /home/nomaan78/meihua_ws/build/meihua_description/build/lib/meihua_description
copying meihua_description/__init__.py -> /home/nomaan78/meihua_ws/build/meihua_description/build/lib/meihua_description
running install
running install_lib
creating /home/nomaan78/meihua_ws/install/meihua_description/lib/python3.10/site-packages/meihua_description
copying /home/nomaan78/meihua_ws/build/meihua_description/build/lib/meihua_description/__init__.py -> /home/nomaan78/meihua_ws/install/meihua_description/lib/python3.10/site-packages/meihua_description
byte-compiling /home/nomaan78/meihua_ws/install/meihua_description/lib/python3.10/site-packages/meihua_description/__init__.py to __init__.cpython-310.pyc
running install_data
creating /home/nomaan78/meihua_ws/install/meihua_description/share/ament_index
creating /home/nomaan78/meihua_ws/install/meihua_description/share/ament_index/resource_index
creating /home/nomaan78/meihua_ws/install/meihua_description/share/ament_index/resource_index/packages
copying resource/meihua_description -> /home/nomaan78/meihua_ws/install/meihua_description/share/ament_index/resource_index/packages
copying package.xml -> /home/nomaan78/meihua_ws/install/meihua_description/share/meihua_description
creating /home/nomaan78/meihua_ws/install/meihua_description/share/meihua_description/launch
copying launch/display.launch.py -> /home/nomaan78/meihua_ws/install/meihua_description/share/meihua_description/launch
copying launch/simulation.launch.py -> /home/nomaan78/meihua_ws/install/meihua_description/share/meihua_description/launch
copying launch/spawn_robot.launch.py -> /home/nomaan78/meihua_ws/install/meihua_description/share/meihua_description/launch
copying launch/rsp.launch.py -> /home/nomaan78/meihua_ws/install/meihua_description/share/meihua_description/launch
creating /home/nomaan78/meihua_ws/install/meihua_description/share/meihua_description/urdf
copying urdf/meihua_bot.urdf -> /home/nomaan78/meihua_ws/install/meihua_description/share/meihua_description/urdf
creating /home/nomaan78/meihua_ws/install/meihua_description/share/meihua_description/worlds
running install_egg_info
Copying ../../build/meihua_description/meihua_description.egg-info to /home/nomaan78/meihua_ws/install/meihua_description/lib/python3.10/site-packages/meihua_description-0.0.0-py3.10.egg-info
running install_scripts
writing list of installed files to '/home/nomaan78/meihua_ws/build/meihua_description/install.log'
